 * Restarting with stat
 * Debugger is active!
 * Debugger PIN: 951-346-808
127.0.0.1 - - [21/May/2024 11:29:06] "POST /yaml HTTP/HTTP/1.1"
Yaml test case files: {'Yaml': 'C:\\TMA_Script\\testcases.yaml'}
Starting sync process
Command: git status
Output: On branch featurebranch
Your branch is up to date with 'origin/featurebranch'.

Changes not staged for commit:
  (use "git add/rm <file>..." to update what will be committed)
  (use "git restore <file>..." to discard changes in working directory)
	deleted:    Project/test_NPI_TC-01_2024-05-21_07-30-22.py
	deleted:    Project/test_NPI_TC-02_2024-05-21_07-30-22.py
	modified:   applogs/app_API.log
	modified:   applogs/app_API.log.2024-05-20

Untracked files:
  (use "git add <file>..." to include in what will be committed)
	Project/__pycache__/test_NPI_TC-01_2024-05-21_07-30-22.cpython-310-pytest-8.2.0.pyc
	Project/__pycache__/test_NPI_TC-02_2024-05-21_07-30-22.cpython-310-pytest-8.2.0.pyc
	Project/old_test_NPI_TC-01_2024-05-21_07-30-22.py
	Project/old_test_NPI_TC-02_2024-05-21_07-30-22.py
	Project/test_NPI_TC-01_2024-05-21_11-29-06.py
	Project/test_NPI_TC-02_2024-05-21_11-29-06.py

no changes added to commit (use "git add" and/or "git commit -a")
Staging all changes...
